21:13:47,289 DEBUG LogFactory:135 - Logging initialized using 'class org.apache.ibatis.logging.log4j.Log4jImpl' adapter.
21:13:47,458 DEBUG PooledDataSource:335 - PooledDataSource forcefully closed/removed all connections.
21:13:47,459 DEBUG PooledDataSource:335 - PooledDataSource forcefully closed/removed all connections.
21:13:47,459 DEBUG PooledDataSource:335 - PooledDataSource forcefully closed/removed all connections.
21:13:47,459 DEBUG PooledDataSource:335 - PooledDataSource forcefully closed/removed all connections.
21:15:30,426 DEBUG LogFactory:135 - Logging initialized using 'class org.apache.ibatis.logging.log4j.Log4jImpl' adapter.
21:15:30,553 DEBUG PooledDataSource:335 - PooledDataSource forcefully closed/removed all connections.
21:15:30,553 DEBUG PooledDataSource:335 - PooledDataSource forcefully closed/removed all connections.
21:15:30,554 DEBUG PooledDataSource:335 - PooledDataSource forcefully closed/removed all connections.
21:15:30,554 DEBUG PooledDataSource:335 - PooledDataSource forcefully closed/removed all connections.
21:16:54,928 DEBUG LogFactory:135 - Logging initialized using 'class org.apache.ibatis.logging.log4j.Log4jImpl' adapter.
21:16:55,043 DEBUG PooledDataSource:335 - PooledDataSource forcefully closed/removed all connections.
21:16:55,043 DEBUG PooledDataSource:335 - PooledDataSource forcefully closed/removed all connections.
21:16:55,043 DEBUG PooledDataSource:335 - PooledDataSource forcefully closed/removed all connections.
21:16:55,043 DEBUG PooledDataSource:335 - PooledDataSource forcefully closed/removed all connections.
21:19:50,268 DEBUG LogFactory:135 - Logging initialized using 'class org.apache.ibatis.logging.log4j.Log4jImpl' adapter.
21:19:50,440 DEBUG PooledDataSource:335 - PooledDataSource forcefully closed/removed all connections.
21:19:50,441 DEBUG PooledDataSource:335 - PooledDataSource forcefully closed/removed all connections.
21:19:50,441 DEBUG PooledDataSource:335 - PooledDataSource forcefully closed/removed all connections.
21:19:50,441 DEBUG PooledDataSource:335 - PooledDataSource forcefully closed/removed all connections.
21:25:56,605 DEBUG LogFactory:135 - Logging initialized using 'class org.apache.ibatis.logging.log4j.Log4jImpl' adapter.
21:25:56,712 DEBUG PooledDataSource:335 - PooledDataSource forcefully closed/removed all connections.
21:25:56,713 DEBUG PooledDataSource:335 - PooledDataSource forcefully closed/removed all connections.
21:25:56,713 DEBUG PooledDataSource:335 - PooledDataSource forcefully closed/removed all connections.
21:25:56,713 DEBUG PooledDataSource:335 - PooledDataSource forcefully closed/removed all connections.
21:27:03,928 DEBUG LogFactory:135 - Logging initialized using 'class org.apache.ibatis.logging.log4j.Log4jImpl' adapter.
21:27:04,037 DEBUG PooledDataSource:335 - PooledDataSource forcefully closed/removed all connections.
21:27:04,037 DEBUG PooledDataSource:335 - PooledDataSource forcefully closed/removed all connections.
21:27:04,037 DEBUG PooledDataSource:335 - PooledDataSource forcefully closed/removed all connections.
21:27:04,037 DEBUG PooledDataSource:335 - PooledDataSource forcefully closed/removed all connections.
21:27:04,160 DEBUG JdbcTransaction:137 - Opening JDBC Connection
21:27:05,828 DEBUG PooledDataSource:406 - Created connection 1164107853.
21:27:05,828 DEBUG JdbcTransaction:101 - Setting autocommit to false on JDBC Connection [com.mysql.jdbc.JDBC4Connection@4562e04d]
21:27:05,830 DEBUG findall:159 - ==>  Preparing: select * from employee 
21:27:05,856 DEBUG findall:159 - ==> Parameters: 
21:27:05,878 TRACE findall:165 - <==    Columns: employee_id, created_time, modified_time, name, phonenumber, occupation, permissions, deleted
21:27:05,879 TRACE findall:165 - <==        Row: E123001, 2023-09-06, 2023-09-06, 赵故园, 1370264153, 处理员, 2, 0
21:27:05,882 TRACE findall:165 - <==        Row: E123456, 2023-09-04, 2023-09-04, 李斯基, 1370264153, 司机, 2, 0
21:27:05,883 DEBUG findall:159 - <==      Total: 2
21:27:05,883 DEBUG JdbcTransaction:123 - Resetting autocommit to true on JDBC Connection [com.mysql.jdbc.JDBC4Connection@4562e04d]
21:27:05,884 DEBUG JdbcTransaction:91 - Closing JDBC Connection [com.mysql.jdbc.JDBC4Connection@4562e04d]
21:27:05,885 DEBUG PooledDataSource:363 - Returned connection 1164107853 to pool.
21:28:00,528 DEBUG LogFactory:135 - Logging initialized using 'class org.apache.ibatis.logging.log4j.Log4jImpl' adapter.
21:28:00,662 DEBUG PooledDataSource:335 - PooledDataSource forcefully closed/removed all connections.
21:28:00,662 DEBUG PooledDataSource:335 - PooledDataSource forcefully closed/removed all connections.
21:28:00,662 DEBUG PooledDataSource:335 - PooledDataSource forcefully closed/removed all connections.
21:28:00,663 DEBUG PooledDataSource:335 - PooledDataSource forcefully closed/removed all connections.
21:28:29,021 DEBUG LogFactory:135 - Logging initialized using 'class org.apache.ibatis.logging.log4j.Log4jImpl' adapter.
21:28:29,172 DEBUG PooledDataSource:335 - PooledDataSource forcefully closed/removed all connections.
21:28:29,173 DEBUG PooledDataSource:335 - PooledDataSource forcefully closed/removed all connections.
21:28:29,173 DEBUG PooledDataSource:335 - PooledDataSource forcefully closed/removed all connections.
21:28:29,174 DEBUG PooledDataSource:335 - PooledDataSource forcefully closed/removed all connections.
21:28:29,301 DEBUG JdbcTransaction:137 - Opening JDBC Connection
21:28:30,970 DEBUG PooledDataSource:406 - Created connection 1122233828.
21:28:30,970 DEBUG JdbcTransaction:101 - Setting autocommit to false on JDBC Connection [com.mysql.jdbc.JDBC4Connection@42e3ede4]
21:28:30,973 DEBUG findall:159 - ==>  Preparing: select * from employee 
21:28:31,002 DEBUG findall:159 - ==> Parameters: 
21:28:31,019 TRACE findall:165 - <==    Columns: employee_id, created_time, modified_time, name, phonenumber, occupation, permissions, deleted
21:28:31,020 TRACE findall:165 - <==        Row: E123001, 2023-09-06, 2023-09-06, 赵故园, 1370264153, 处理员, 2, 0
21:28:31,024 TRACE findall:165 - <==        Row: E123456, 2023-09-04, 2023-09-04, 李斯基, 1370264153, 司机, 2, 0
21:28:31,024 DEBUG findall:159 - <==      Total: 2
21:28:31,025 DEBUG JdbcTransaction:123 - Resetting autocommit to true on JDBC Connection [com.mysql.jdbc.JDBC4Connection@42e3ede4]
21:28:31,026 DEBUG JdbcTransaction:91 - Closing JDBC Connection [com.mysql.jdbc.JDBC4Connection@42e3ede4]
21:28:31,027 DEBUG PooledDataSource:363 - Returned connection 1122233828 to pool.
21:28:31,710 DEBUG LogFactory:135 - Logging initialized using 'class org.apache.ibatis.logging.log4j.Log4jImpl' adapter.
21:28:31,864 DEBUG PooledDataSource:335 - PooledDataSource forcefully closed/removed all connections.
21:28:31,865 DEBUG PooledDataSource:335 - PooledDataSource forcefully closed/removed all connections.
21:28:31,865 DEBUG PooledDataSource:335 - PooledDataSource forcefully closed/removed all connections.
21:28:31,865 DEBUG PooledDataSource:335 - PooledDataSource forcefully closed/removed all connections.
21:28:31,979 DEBUG JdbcTransaction:137 - Opening JDBC Connection
21:28:33,379 DEBUG PooledDataSource:406 - Created connection 953742666.
21:28:33,379 DEBUG JdbcTransaction:101 - Setting autocommit to false on JDBC Connection [com.mysql.jdbc.JDBC4Connection@38d8f54a]
21:28:33,381 DEBUG findall:159 - ==>  Preparing: select * from employee 
21:28:33,407 DEBUG findall:159 - ==> Parameters: 
21:28:33,418 TRACE findall:165 - <==    Columns: employee_id, created_time, modified_time, name, phonenumber, occupation, permissions, deleted
21:28:33,419 TRACE findall:165 - <==        Row: E123001, 2023-09-06, 2023-09-06, 赵故园, 1370264153, 处理员, 2, 0
21:28:33,422 TRACE findall:165 - <==        Row: E123456, 2023-09-04, 2023-09-04, 李斯基, 1370264153, 司机, 2, 0
21:28:33,423 DEBUG findall:159 - <==      Total: 2
21:28:33,423 DEBUG JdbcTransaction:123 - Resetting autocommit to true on JDBC Connection [com.mysql.jdbc.JDBC4Connection@38d8f54a]
21:28:33,425 DEBUG JdbcTransaction:91 - Closing JDBC Connection [com.mysql.jdbc.JDBC4Connection@38d8f54a]
21:28:33,426 DEBUG PooledDataSource:363 - Returned connection 953742666 to pool.
22:03:11,687 DEBUG LogFactory:135 - Logging initialized using 'class org.apache.ibatis.logging.log4j.Log4jImpl' adapter.
22:03:11,799 DEBUG PooledDataSource:335 - PooledDataSource forcefully closed/removed all connections.
22:03:11,799 DEBUG PooledDataSource:335 - PooledDataSource forcefully closed/removed all connections.
22:03:11,799 DEBUG PooledDataSource:335 - PooledDataSource forcefully closed/removed all connections.
22:03:11,800 DEBUG PooledDataSource:335 - PooledDataSource forcefully closed/removed all connections.
22:03:11,897 DEBUG JdbcTransaction:137 - Opening JDBC Connection
22:03:13,227 DEBUG PooledDataSource:406 - Created connection 1164107853.
22:03:13,227 DEBUG JdbcTransaction:101 - Setting autocommit to false on JDBC Connection [com.mysql.jdbc.JDBC4Connection@4562e04d]
22:03:13,230 DEBUG findall:159 - ==>  Preparing: select * from employee 
22:03:13,252 DEBUG findall:159 - ==> Parameters: 
22:03:13,262 TRACE findall:165 - <==    Columns: employee_id, created_time, modified_time, name, phonenumber, occupation, permissions, deleted
22:03:13,263 TRACE findall:165 - <==        Row: E123001, 2023-09-06, 2023-09-06, 赵故园, 1370264153, 处理员, 2, 0
22:03:13,266 TRACE findall:165 - <==        Row: E123456, 2023-09-04, 2023-09-04, 李斯基, 1370264153, 司机, 2, 0
22:03:13,266 DEBUG findall:159 - <==      Total: 2
22:07:19,980 DEBUG LogFactory:135 - Logging initialized using 'class org.apache.ibatis.logging.log4j.Log4jImpl' adapter.
22:07:20,089 DEBUG PooledDataSource:335 - PooledDataSource forcefully closed/removed all connections.
22:07:20,089 DEBUG PooledDataSource:335 - PooledDataSource forcefully closed/removed all connections.
22:07:20,090 DEBUG PooledDataSource:335 - PooledDataSource forcefully closed/removed all connections.
22:07:20,090 DEBUG PooledDataSource:335 - PooledDataSource forcefully closed/removed all connections.
22:07:20,185 DEBUG JdbcTransaction:137 - Opening JDBC Connection
22:07:21,468 DEBUG PooledDataSource:406 - Created connection 825249556.
22:07:21,468 DEBUG JdbcTransaction:101 - Setting autocommit to false on JDBC Connection [com.mysql.jdbc.JDBC4Connection@31304f14]
22:07:21,470 DEBUG findEmployeeByphonenumberandoccupation:159 - ==>  Preparing: select * from employee where phonenumber like '1%' and occupation=? 
22:07:21,495 DEBUG findEmployeeByphonenumberandoccupation:159 - ==> Parameters: 司机(String)
22:07:21,507 TRACE findEmployeeByphonenumberandoccupation:165 - <==    Columns: employee_id, created_time, modified_time, name, phonenumber, occupation, permissions, deleted
22:07:21,508 TRACE findEmployeeByphonenumberandoccupation:165 - <==        Row: E114562, 2023-09-01, 2023-09-02, 哇哈哈, 1245577897, 司机, 2, 0
22:07:21,510 TRACE findEmployeeByphonenumberandoccupation:165 - <==        Row: E123456, 2023-09-04, 2023-09-04, 李斯基, 1370264153, 司机, 2, 0
22:07:21,511 DEBUG findEmployeeByphonenumberandoccupation:159 - <==      Total: 2
22:38:59,426 DEBUG LogFactory:135 - Logging initialized using 'class org.apache.ibatis.logging.log4j.Log4jImpl' adapter.
22:38:59,525 DEBUG PooledDataSource:335 - PooledDataSource forcefully closed/removed all connections.
22:38:59,526 DEBUG PooledDataSource:335 - PooledDataSource forcefully closed/removed all connections.
22:38:59,526 DEBUG PooledDataSource:335 - PooledDataSource forcefully closed/removed all connections.
22:38:59,526 DEBUG PooledDataSource:335 - PooledDataSource forcefully closed/removed all connections.
22:40:36,190 DEBUG LogFactory:135 - Logging initialized using 'class org.apache.ibatis.logging.log4j.Log4jImpl' adapter.
22:40:36,305 DEBUG PooledDataSource:335 - PooledDataSource forcefully closed/removed all connections.
22:40:36,306 DEBUG PooledDataSource:335 - PooledDataSource forcefully closed/removed all connections.
22:40:36,306 DEBUG PooledDataSource:335 - PooledDataSource forcefully closed/removed all connections.
22:40:36,306 DEBUG PooledDataSource:335 - PooledDataSource forcefully closed/removed all connections.
22:40:36,415 DEBUG JdbcTransaction:137 - Opening JDBC Connection
22:40:37,775 DEBUG PooledDataSource:406 - Created connection 403147759.
22:40:37,776 DEBUG JdbcTransaction:101 - Setting autocommit to false on JDBC Connection [com.mysql.jdbc.JDBC4Connection@18078bef]
22:40:37,778 DEBUG insert:159 - ==>  Preparing: insert into employee (employee_id,created_time,modified_time,name,phonenumber,occupation,permission,deleted) values(?,?,?,?,?,?,?,?) 
22:40:37,827 DEBUG insert:159 - ==> Parameters: 11(String), 2053-10-08 00:00:00.0(Timestamp), 2053-10-11 00:00:00.0(Timestamp), 11(String), 1234567891(Integer), 派送员(String), 2(Integer), 0(Integer)
22:42:24,688 DEBUG LogFactory:135 - Logging initialized using 'class org.apache.ibatis.logging.log4j.Log4jImpl' adapter.
22:42:24,784 DEBUG PooledDataSource:335 - PooledDataSource forcefully closed/removed all connections.
22:42:24,785 DEBUG PooledDataSource:335 - PooledDataSource forcefully closed/removed all connections.
22:42:24,785 DEBUG PooledDataSource:335 - PooledDataSource forcefully closed/removed all connections.
22:42:24,785 DEBUG PooledDataSource:335 - PooledDataSource forcefully closed/removed all connections.
22:42:24,889 DEBUG JdbcTransaction:137 - Opening JDBC Connection
22:42:26,239 DEBUG PooledDataSource:406 - Created connection 403147759.
22:42:26,240 DEBUG JdbcTransaction:101 - Setting autocommit to false on JDBC Connection [com.mysql.jdbc.JDBC4Connection@18078bef]
22:42:26,242 DEBUG insert:159 - ==>  Preparing: insert into employee (employee_id,created_time,modified_time,name,phonenumber,occupation,permissions,deleted) values(?,?,?,?,?,?,?,?) 
22:42:26,273 DEBUG insert:159 - ==> Parameters: 11(String), 2053-10-08 00:00:00.0(Timestamp), 2053-10-11 00:00:00.0(Timestamp), 11(String), 1234567891(Integer), 派送员(String), 2(Integer), 0(Integer)
22:42:26,278 DEBUG insert:159 - <==    Updates: 1
22:42:26,278 DEBUG JdbcTransaction:70 - Committing JDBC Connection [com.mysql.jdbc.JDBC4Connection@18078bef]
22:42:26,280 DEBUG JdbcTransaction:123 - Resetting autocommit to true on JDBC Connection [com.mysql.jdbc.JDBC4Connection@18078bef]
22:42:26,280 DEBUG JdbcTransaction:91 - Closing JDBC Connection [com.mysql.jdbc.JDBC4Connection@18078bef]
22:42:26,281 DEBUG PooledDataSource:363 - Returned connection 403147759 to pool.
22:46:42,237 DEBUG LogFactory:135 - Logging initialized using 'class org.apache.ibatis.logging.log4j.Log4jImpl' adapter.
22:46:42,339 DEBUG PooledDataSource:335 - PooledDataSource forcefully closed/removed all connections.
22:46:42,339 DEBUG PooledDataSource:335 - PooledDataSource forcefully closed/removed all connections.
22:46:42,340 DEBUG PooledDataSource:335 - PooledDataSource forcefully closed/removed all connections.
22:46:42,340 DEBUG PooledDataSource:335 - PooledDataSource forcefully closed/removed all connections.
22:46:42,426 DEBUG JdbcTransaction:137 - Opening JDBC Connection
22:46:43,722 DEBUG PooledDataSource:406 - Created connection 403147759.
22:46:43,722 DEBUG JdbcTransaction:101 - Setting autocommit to false on JDBC Connection [com.mysql.jdbc.JDBC4Connection@18078bef]
22:46:43,724 DEBUG delete:159 - ==>  Preparing: delete from employee where employee_id = ? 
22:46:43,749 DEBUG delete:159 - ==> Parameters: 11(String)
22:46:43,753 DEBUG delete:159 - <==    Updates: 1
22:46:43,754 DEBUG JdbcTransaction:70 - Committing JDBC Connection [com.mysql.jdbc.JDBC4Connection@18078bef]
22:46:43,755 DEBUG JdbcTransaction:123 - Resetting autocommit to true on JDBC Connection [com.mysql.jdbc.JDBC4Connection@18078bef]
22:46:43,756 DEBUG JdbcTransaction:91 - Closing JDBC Connection [com.mysql.jdbc.JDBC4Connection@18078bef]
22:46:43,756 DEBUG PooledDataSource:363 - Returned connection 403147759 to pool.
22:51:03,190 DEBUG LogFactory:135 - Logging initialized using 'class org.apache.ibatis.logging.log4j.Log4jImpl' adapter.
22:51:03,300 DEBUG PooledDataSource:335 - PooledDataSource forcefully closed/removed all connections.
22:51:03,300 DEBUG PooledDataSource:335 - PooledDataSource forcefully closed/removed all connections.
22:51:03,300 DEBUG PooledDataSource:335 - PooledDataSource forcefully closed/removed all connections.
22:51:03,301 DEBUG PooledDataSource:335 - PooledDataSource forcefully closed/removed all connections.
22:51:03,395 DEBUG JdbcTransaction:137 - Opening JDBC Connection
22:51:04,669 DEBUG PooledDataSource:406 - Created connection 403147759.
22:51:04,669 DEBUG JdbcTransaction:101 - Setting autocommit to false on JDBC Connection [com.mysql.jdbc.JDBC4Connection@18078bef]
22:51:04,672 DEBUG insert:159 - ==>  Preparing: insert into employee (employee_id,created_time,modified_time,name,phonenumber,occupation,permissions,deleted) values(?,?,?,?,?,?,?,?) 
22:51:04,701 DEBUG insert:159 - ==> Parameters: 11(String), 2053-10-08 00:00:00.0(Timestamp), 2053-10-11 00:00:00.0(Timestamp), 11(String), 1234567891(Integer), 派送员(String), 2(Integer), 0(Integer)
22:51:04,703 DEBUG insert:159 - <==    Updates: 1
22:51:04,704 DEBUG JdbcTransaction:70 - Committing JDBC Connection [com.mysql.jdbc.JDBC4Connection@18078bef]
22:51:04,707 DEBUG JdbcTransaction:123 - Resetting autocommit to true on JDBC Connection [com.mysql.jdbc.JDBC4Connection@18078bef]
22:51:04,708 DEBUG JdbcTransaction:91 - Closing JDBC Connection [com.mysql.jdbc.JDBC4Connection@18078bef]
22:51:04,708 DEBUG PooledDataSource:363 - Returned connection 403147759 to pool.
22:51:12,582 DEBUG LogFactory:135 - Logging initialized using 'class org.apache.ibatis.logging.log4j.Log4jImpl' adapter.
22:51:12,733 DEBUG PooledDataSource:335 - PooledDataSource forcefully closed/removed all connections.
22:51:12,733 DEBUG PooledDataSource:335 - PooledDataSource forcefully closed/removed all connections.
22:51:12,734 DEBUG PooledDataSource:335 - PooledDataSource forcefully closed/removed all connections.
22:51:12,734 DEBUG PooledDataSource:335 - PooledDataSource forcefully closed/removed all connections.
22:51:12,843 DEBUG JdbcTransaction:137 - Opening JDBC Connection
22:51:14,260 DEBUG PooledDataSource:406 - Created connection 403147759.
22:51:14,260 DEBUG JdbcTransaction:101 - Setting autocommit to false on JDBC Connection [com.mysql.jdbc.JDBC4Connection@18078bef]
22:51:14,262 DEBUG update:159 - ==>  Preparing: update employee set created_time = ?,modified_time = ?,name = ?,phonenumber = ?,occupation = ?,permissions = ?,deleted = ? where employee_id = ? 
22:51:14,289 DEBUG update:159 - ==> Parameters: 2054-11-09 00:00:00.0(Timestamp), 2054-11-12 00:00:00.0(Timestamp), 22(String), 1234567890(Integer), 派送员1(String), 2(Integer), 1(Integer), 11(String)
22:51:14,292 DEBUG update:159 - <==    Updates: 1
22:51:14,292 DEBUG JdbcTransaction:70 - Committing JDBC Connection [com.mysql.jdbc.JDBC4Connection@18078bef]
22:51:14,295 DEBUG JdbcTransaction:123 - Resetting autocommit to true on JDBC Connection [com.mysql.jdbc.JDBC4Connection@18078bef]
22:51:14,296 DEBUG JdbcTransaction:91 - Closing JDBC Connection [com.mysql.jdbc.JDBC4Connection@18078bef]
22:51:14,296 DEBUG PooledDataSource:363 - Returned connection 403147759 to pool.
22:51:27,983 DEBUG LogFactory:135 - Logging initialized using 'class org.apache.ibatis.logging.log4j.Log4jImpl' adapter.
22:51:28,082 DEBUG PooledDataSource:335 - PooledDataSource forcefully closed/removed all connections.
22:51:28,082 DEBUG PooledDataSource:335 - PooledDataSource forcefully closed/removed all connections.
22:51:28,082 DEBUG PooledDataSource:335 - PooledDataSource forcefully closed/removed all connections.
22:51:28,083 DEBUG PooledDataSource:335 - PooledDataSource forcefully closed/removed all connections.
22:51:28,170 DEBUG JdbcTransaction:137 - Opening JDBC Connection
22:51:29,491 DEBUG PooledDataSource:406 - Created connection 403147759.
22:51:29,491 DEBUG JdbcTransaction:101 - Setting autocommit to false on JDBC Connection [com.mysql.jdbc.JDBC4Connection@18078bef]
22:51:29,493 DEBUG delete:159 - ==>  Preparing: delete from employee where employee_id = ? 
22:51:29,517 DEBUG delete:159 - ==> Parameters: 11(String)
22:51:29,522 DEBUG delete:159 - <==    Updates: 1
22:51:29,522 DEBUG JdbcTransaction:70 - Committing JDBC Connection [com.mysql.jdbc.JDBC4Connection@18078bef]
22:51:29,524 DEBUG JdbcTransaction:123 - Resetting autocommit to true on JDBC Connection [com.mysql.jdbc.JDBC4Connection@18078bef]
22:51:29,525 DEBUG JdbcTransaction:91 - Closing JDBC Connection [com.mysql.jdbc.JDBC4Connection@18078bef]
22:51:29,525 DEBUG PooledDataSource:363 - Returned connection 403147759 to pool.
23:48:37,997 DEBUG LogFactory:135 - Logging initialized using 'class org.apache.ibatis.logging.log4j.Log4jImpl' adapter.
23:48:38,100 DEBUG PooledDataSource:335 - PooledDataSource forcefully closed/removed all connections.
23:48:38,101 DEBUG PooledDataSource:335 - PooledDataSource forcefully closed/removed all connections.
23:48:38,101 DEBUG PooledDataSource:335 - PooledDataSource forcefully closed/removed all connections.
23:48:38,101 DEBUG PooledDataSource:335 - PooledDataSource forcefully closed/removed all connections.
23:48:38,192 DEBUG JdbcTransaction:137 - Opening JDBC Connection
23:48:39,488 DEBUG PooledDataSource:406 - Created connection 1164107853.
23:48:39,488 DEBUG JdbcTransaction:101 - Setting autocommit to false on JDBC Connection [com.mysql.jdbc.JDBC4Connection@4562e04d]
23:48:39,490 DEBUG findall:159 - ==>  Preparing: select * from employee 
23:48:39,514 DEBUG findall:159 - ==> Parameters: 
23:48:39,526 TRACE findall:165 - <==    Columns: employee_id, created_time, modified_time, name, phonenumber, occupation, permissions, deleted
23:48:39,526 TRACE findall:165 - <==        Row: E114514, 2023-09-03, 2023-09-04, 咦嘻嘻, 321456785, 司机, 2, 0
23:48:39,528 TRACE findall:165 - <==        Row: E114562, 2023-09-01, 2023-09-02, 哇哈哈, 1245577897, 司机, 2, 0
23:48:39,529 TRACE findall:165 - <==        Row: E123001, 2023-09-06, 2023-09-06, 赵故园, 1370264153, 处理员, 2, 0
23:48:39,529 TRACE findall:165 - <==        Row: E123456, 2023-09-04, 2023-09-04, 李斯基, 1370264153, 司机, 2, 0
23:48:39,530 DEBUG findall:159 - <==      Total: 4
